c:\users\mikes\documents\freertos\freertosv10.2.1\freertos\demo\rtes_noise_cancelling\debug\vc142.pdb
c:\users\mikes\documents\freertos\freertosv10.2.1\freertos\demo\rtes_noise_cancelling\debug\vc142.idb
c:\users\mikes\documents\freertos\freertosv10.2.1\freertos\demo\rtes_noise_cancelling\debug\queueoverwrite.obj
c:\users\mikes\documents\freertos\freertosv10.2.1\freertos\demo\rtes_noise_cancelling\debug\queueset.obj
c:\users\mikes\documents\freertos\freertosv10.2.1\freertos\demo\rtes_noise_cancelling\debug\queuesetpolling.obj
c:\users\mikes\documents\freertos\freertosv10.2.1\freertos\demo\rtes_noise_cancelling\debug\recmutex.obj
c:\users\mikes\documents\freertos\freertosv10.2.1\freertos\demo\rtes_noise_cancelling\debug\semtest.obj
c:\users\mikes\documents\freertos\freertosv10.2.1\freertos\demo\rtes_noise_cancelling\debug\staticallocation.obj
c:\users\mikes\documents\freertos\freertosv10.2.1\freertos\demo\rtes_noise_cancelling\debug\messagebufferdemo.obj
c:\users\mikes\documents\freertos\freertosv10.2.1\freertos\demo\rtes_noise_cancelling\debug\streambufferdemo.obj
c:\users\mikes\documents\freertos\freertosv10.2.1\freertos\demo\rtes_noise_cancelling\debug\streambufferinterrupt.obj
c:\users\mikes\documents\freertos\freertosv10.2.1\freertos\demo\rtes_noise_cancelling\debug\tasknotify.obj
c:\users\mikes\documents\freertos\freertosv10.2.1\freertos\demo\rtes_noise_cancelling\debug\timerdemo.obj
c:\users\mikes\documents\freertos\freertosv10.2.1\freertos\demo\rtes_noise_cancelling\debug\main.obj
c:\users\mikes\documents\freertos\freertosv10.2.1\freertos\demo\rtes_noise_cancelling\debug\list.obj
c:\users\mikes\documents\freertos\freertosv10.2.1\freertos\demo\rtes_noise_cancelling\debug\port.obj
c:\users\mikes\documents\freertos\freertosv10.2.1\freertos\demo\rtes_noise_cancelling\debug\queue.obj
c:\users\mikes\documents\freertos\freertosv10.2.1\freertos\demo\rtes_noise_cancelling\debug\tasks.obj
c:\users\mikes\documents\freertos\freertosv10.2.1\freertos\demo\rtes_noise_cancelling\debug\main_blinky.obj
c:\users\mikes\documents\freertos\freertosv10.2.1\freertos\demo\rtes_noise_cancelling\debug\main_full.obj
c:\users\mikes\documents\freertos\freertosv10.2.1\freertos\demo\rtes_noise_cancelling\debug\rtes.obj
c:\users\mikes\documents\freertos\freertosv10.2.1\freertos\demo\rtes_noise_cancelling\debug\run-time-stats-utils.obj
c:\users\mikes\documents\freertos\freertosv10.2.1\freertos\demo\rtes_noise_cancelling\debug\trcsnapshotrecorder.obj
c:\users\mikes\documents\freertos\freertosv10.2.1\freertos\demo\rtes_noise_cancelling\debug\croutine.obj
c:\users\mikes\documents\freertos\freertosv10.2.1\freertos\demo\rtes_noise_cancelling\debug\event_groups.obj
c:\users\mikes\documents\freertos\freertosv10.2.1\freertos\demo\rtes_noise_cancelling\debug\heap_5.obj
c:\users\mikes\documents\freertos\freertosv10.2.1\freertos\demo\rtes_noise_cancelling\debug\stream_buffer.obj
c:\users\mikes\documents\freertos\freertosv10.2.1\freertos\demo\rtes_noise_cancelling\debug\timers.obj
c:\users\mikes\documents\freertos\freertosv10.2.1\freertos\demo\rtes_noise_cancelling\debug\abortdelay.obj
c:\users\mikes\documents\freertos\freertosv10.2.1\freertos\demo\rtes_noise_cancelling\debug\blockq.obj
c:\users\mikes\documents\freertos\freertosv10.2.1\freertos\demo\rtes_noise_cancelling\debug\blocktim.obj
c:\users\mikes\documents\freertos\freertosv10.2.1\freertos\demo\rtes_noise_cancelling\debug\countsem.obj
c:\users\mikes\documents\freertos\freertosv10.2.1\freertos\demo\rtes_noise_cancelling\debug\death.obj
c:\users\mikes\documents\freertos\freertosv10.2.1\freertos\demo\rtes_noise_cancelling\debug\dynamic.obj
c:\users\mikes\documents\freertos\freertosv10.2.1\freertos\demo\rtes_noise_cancelling\debug\eventgroupsdemo.obj
c:\users\mikes\documents\freertos\freertosv10.2.1\freertos\demo\rtes_noise_cancelling\debug\flop.obj
c:\users\mikes\documents\freertos\freertosv10.2.1\freertos\demo\rtes_noise_cancelling\debug\genqtest.obj
c:\users\mikes\documents\freertos\freertosv10.2.1\freertos\demo\rtes_noise_cancelling\debug\integer.obj
c:\users\mikes\documents\freertos\freertosv10.2.1\freertos\demo\rtes_noise_cancelling\debug\intsemtest.obj
c:\users\mikes\documents\freertos\freertosv10.2.1\freertos\demo\rtes_noise_cancelling\debug\messagebufferamp.obj
c:\users\mikes\documents\freertos\freertosv10.2.1\freertos\demo\rtes_noise_cancelling\debug\pollq.obj
c:\users\mikes\documents\freertos\freertosv10.2.1\freertos\demo\rtes_noise_cancelling\debug\qpeek.obj
c:\users\mikes\documents\freertos\freertosv10.2.1\freertos\demo\rtes_noise_cancelling\debug\trckernelport.obj
c:\users\mikes\documents\freertos\freertosv10.2.1\freertos\demo\rtes_noise_cancelling\debug\rtosdemo.ilk
c:\users\mikes\documents\freertos\freertosv10.2.1\freertos\demo\rtes_noise_cancelling\debug\rtosdemo.exe
c:\users\mikes\documents\freertos\freertosv10.2.1\freertos\demo\rtes_noise_cancelling\debug\win32.pdb
c:\users\mikes\documents\freertos\freertosv10.2.1\freertos\demo\rtes_noise_cancelling\.\debug\rtosdemo.exe
c:\users\mikes\documents\freertos\freertosv10.2.1\freertos\demo\rtes_noise_cancelling\debug\rtosdemo.tlog\cl.command.1.tlog
c:\users\mikes\documents\freertos\freertosv10.2.1\freertos\demo\rtes_noise_cancelling\debug\rtosdemo.tlog\cl.read.1.tlog
c:\users\mikes\documents\freertos\freertosv10.2.1\freertos\demo\rtes_noise_cancelling\debug\rtosdemo.tlog\cl.write.1.tlog
c:\users\mikes\documents\freertos\freertosv10.2.1\freertos\demo\rtes_noise_cancelling\debug\rtosdemo.tlog\link.command.1.tlog
c:\users\mikes\documents\freertos\freertosv10.2.1\freertos\demo\rtes_noise_cancelling\debug\rtosdemo.tlog\link.read.1.tlog
c:\users\mikes\documents\freertos\freertosv10.2.1\freertos\demo\rtes_noise_cancelling\debug\rtosdemo.tlog\link.write.1.tlog
